This is pdfTeX, Version 3.1415926-1.40.10 (MiKTeX 2.8) (preloaded format=latex 2010.5.13)  17 MAY 2011 13:00
entering extended mode
**\input expanders_github.tex

("c:\Users\Michael Nielsen\Documents\A_MN\creative\archived_creative_projects\e
ssays_and_papers_completed\2005\expander_graphs\expanders_github.tex"
("C:\Program Files (x86)\MiKTeX 2.8\tex\latex\base\article.cls"
Document Class: article 2007/10/19 v1.4h Standard LaTeX document class
("C:\Program Files (x86)\MiKTeX 2.8\tex\latex\base\size12.clo"
File: size12.clo 2007/10/19 v1.4h Standard LaTeX file (size option)
)
\c@part=\count79
\c@section=\count80
\c@subsection=\count81
\c@subsubsection=\count82
\c@paragraph=\count83
\c@subparagraph=\count84
\c@figure=\count85
\c@table=\count86
\abovecaptionskip=\skip41
\belowcaptionskip=\skip42
\bibindent=\dimen102
)
No file expanders_github.aux.
LaTeX Font Info:    Checking defaults for OML/cmm/m/it on input line 4.
LaTeX Font Info:    ... okay on input line 4.
LaTeX Font Info:    Checking defaults for T1/cmr/m/n on input line 4.
LaTeX Font Info:    ... okay on input line 4.
LaTeX Font Info:    Checking defaults for OT1/cmr/m/n on input line 4.
LaTeX Font Info:    ... okay on input line 4.
LaTeX Font Info:    Checking defaults for OMS/cmsy/m/n on input line 4.
LaTeX Font Info:    ... okay on input line 4.
LaTeX Font Info:    Checking defaults for OMX/cmex/m/n on input line 4.
LaTeX Font Info:    ... okay on input line 4.
LaTeX Font Info:    Checking defaults for U/cmr/m/n on input line 4.
LaTeX Font Info:    ... okay on input line 4.
LaTeX Font Info:    External font `cmex10' loaded for size
(Font)              <12> on input line 9.
LaTeX Font Info:    External font `cmex10' loaded for size
(Font)              <8> on input line 9.
LaTeX Font Info:    External font `cmex10' loaded for size
(Font)              <6> on input line 9.
[1

]
LaTeX Font Info:    External font `cmex10' loaded for size
(Font)              <14.4> on input line 13.
LaTeX Font Info:    External font `cmex10' loaded for size
(Font)              <7> on input line 13.
LaTeX Font Info:    External font `cmex10' loaded for size
(Font)              <5> on input line 13.
LaTeX Font Info:    Try loading font information for OMS+cmr on input line 26.
 ("C:\Program Files (x86)\MiKTeX 2.8\tex\latex\base\omscmr.fd"
File: omscmr.fd 1999/05/25 v2.5h Standard LaTeX font definitions
)
LaTeX Font Info:    Font shape `OMS/cmr/m/n' in size <12> not available
(Font)              Font shape `OMS/cmsy/m/n' tried instead on input line 26.
 [2] [3]
[4] [5] [6] [7] [8] [9] [10] [11] [12] [13]
Overfull \hbox (2.87698pt too wide) in paragraph at lines 672--678
[]\OT1/cmr/bx/n/12 Theorem: \OT1/cmr/m/n/12 Let $\OML/cmm/m/it/12 X[]$ \OT1/cmr
/m/n/12 be uni-formly dis-tributed on $\OML/cmm/m/it/12 n$ \OT1/cmr/m/n/12 stat
es, and let $\OML/cmm/m/it/12 X[]; [] ; X[]$
 []

[14] [15] [16] [17]
No file expanders_github.bbl.
[18]
("c:\Users\Michael Nielsen\Documents\A_MN\creative\archived_creative_projects\e
ssays_and_papers_completed\2005\expander_graphs\expanders_github.aux") ) 
Here is how much of TeX's memory you used:
 253 strings out of 495286
 3497 string characters out of 3179871
 53122 words of memory out of 3000000
 3526 multiletter control sequences out of 15000+200000
 8848 words of font info for 31 fonts, out of 3000000 for 9000
 14 hyphenation exceptions out of 8191
 24i,7n,19p,189b,187s stack positions out of 5000i,500n,10000p,200000b,50000s

Output written on expanders_github.dvi (18 pages, 56272 bytes).
